warning: dia could not be found at C:/Program Files (x86)/K-Lite Codec Pack/Tools/GraphStudioNext64.exe
warning: The selected output language "russian" has not been updated
since release 1.8.15.  As a result some sentences may appear in English.

Doxygen version used: 1.12.0 (c73f5d30f9e8b1df5ba15a1d064ff2067cbb8267)
Searching for include files...
Searching for example files...
Searching for images...
Searching for dot files...
Searching for msc files...
Searching for dia files...
Searching for files to exclude
Searching INPUT for files to process...
Searching for files in directory C:/tp7
Searching for files in directory C:/tp7/complex
Reading and parsing tag files
Parsing files
Preprocessing C:/tp7/complex/mycomplex.cpp...
Parsing file C:/tp7/complex/mycomplex.cpp...
Preprocessing C:/tp7/complex/mycomplex.h...
Parsing file C:/tp7/complex/mycomplex.h...
Preprocessing C:/tp7/complex/testcmp.cpp...
Parsing file C:/tp7/complex/testcmp.cpp...
Building macro definition list...
Building group list...
Building directory list...
Building namespace list...
Building file list...
Building class list...
Building concept list...
Computing nesting relations for classes...
Associating documentation with classes...
Associating documentation with concepts...
Associating documentation with modules...
Building example list...
Searching for enumerations...
Searching for documented typedefs...
Searching for members imported via using declarations...
Searching for included using directives...
Searching for documented variables...
Building interface member list...
Building member list...
Searching for friends...
Searching for documented defines...
Computing class inheritance relations...
Computing class usage relations...
Flushing cached template relations that have become invalid...
Computing class relations...
Add enum values to enums...
Searching for member function documentation...
C:/tp7/complex/mycomplex.cpp:48: warning: documented symbol 'double Complex::Abs' was not declared or defined.
C:/tp7/complex/mycomplex.cpp:57: warning: no matching class member found for 
  Complex Complex::operator+(const Complex &other) const
Possible candidates:
  'Complex Complex::operator+(const Complex &other)' at line 75 of file C:/tp7/complex/mycomplex.h
  'Complex Complex::operator+(const double &value)' at line 89 of file C:/tp7/complex/mycomplex.h
  'friend Complex Complex::operator+(const double &value, const Complex &c)' at line 98 of file C:/tp7/complex/mycomplex.h
C:/tp7/complex/mycomplex.cpp:66: warning: no matching class member found for 
  Complex Complex::operator-(const Complex &other) const
Possible candidates:
  'Complex Complex::operator-(const Complex &other)' at line 82 of file C:/tp7/complex/mycomplex.h
  'Complex Complex::operator-(const double &value)' at line 105 of file C:/tp7/complex/mycomplex.h
  'friend Complex Complex::operator-(const double &value, const Complex &c)' at line 113 of file C:/tp7/complex/mycomplex.h
C:/tp7/complex/mycomplex.cpp:75: warning: no matching class member found for 
  Complex Complex::operator+(double value) const
Possible candidates:
  'Complex Complex::operator+(const Complex &other)' at line 75 of file C:/tp7/complex/mycomplex.h
  'Complex Complex::operator+(const double &value)' at line 89 of file C:/tp7/complex/mycomplex.h
  'friend Complex Complex::operator+(const double &value, const Complex &c)' at line 98 of file C:/tp7/complex/mycomplex.h
C:/tp7/complex/mycomplex.cpp:84: warning: no matching class member found for 
  Complex Complex::operator-(double value) const
Possible candidates:
  'Complex Complex::operator-(const Complex &other)' at line 82 of file C:/tp7/complex/mycomplex.h
  'Complex Complex::operator-(const double &value)' at line 105 of file C:/tp7/complex/mycomplex.h
  'friend Complex Complex::operator-(const double &value, const Complex &c)' at line 113 of file C:/tp7/complex/mycomplex.h
C:/tp7/complex/mycomplex.cpp:93: warning: no matching class member found for 
  Complex Complex::operator*(const Complex &other) const
Possible candidates:
  'Complex Complex::operator*(const Complex &other)' at line 120 of file C:/tp7/complex/mycomplex.h
  'Complex Complex::operator*(const double &value)' at line 127 of file C:/tp7/complex/mycomplex.h
  'friend Complex Complex::operator*(const double &value, const Complex &c)' at line 135 of file C:/tp7/complex/mycomplex.h
C:/tp7/complex/mycomplex.cpp:102: warning: no matching class member found for 
  Complex Complex::operator*(double value) const
Possible candidates:
  'Complex Complex::operator*(const Complex &other)' at line 120 of file C:/tp7/complex/mycomplex.h
  'Complex Complex::operator*(const double &value)' at line 127 of file C:/tp7/complex/mycomplex.h
  'friend Complex Complex::operator*(const double &value, const Complex &c)' at line 135 of file C:/tp7/complex/mycomplex.h
C:/tp7/complex/mycomplex.cpp:154: warning: no matching class member found for 
  Complex & Complex::operator+=(double value)
Possible candidates:
  'Complex & Complex::operator+=(const Complex &other)' at line 149 of file C:/tp7/complex/mycomplex.h
  'Complex & Complex::operator+=(const double &value)' at line 170 of file C:/tp7/complex/mycomplex.h
C:/tp7/complex/mycomplex.cpp:164: warning: no matching class member found for 
  Complex & Complex::operator-=(double value)
Possible candidates:
  'Complex & Complex::operator-=(const Complex &other)' at line 156 of file C:/tp7/complex/mycomplex.h
  'Complex & Complex::operator-=(const double &value)' at line 177 of file C:/tp7/complex/mycomplex.h
C:/tp7/complex/mycomplex.cpp:174: warning: no matching class member found for 
  Complex & Complex::operator*=(double value)
Possible candidates:
  'Complex & Complex::operator*=(const Complex &other)' at line 163 of file C:/tp7/complex/mycomplex.h
  'Complex & Complex::operator*=(const double &value)' at line 184 of file C:/tp7/complex/mycomplex.h
C:/tp7/complex/mycomplex.cpp:207: warning: no matching class member found for 
  Complex & Complex::operator=(double value)
Possible candidates:
  'Complex & Complex::operator=(const Complex &other)' at line 198 of file C:/tp7/complex/mycomplex.h
  'Complex & Complex::operator=(const double &value)' at line 205 of file C:/tp7/complex/mycomplex.h
C:/tp7/complex/mycomplex.cpp:316: warning: documented symbol 'double Complex::Abs' was not declared or defined.
C:/tp7/complex/mycomplex.cpp:325: warning: no matching class member found for 
  Complex Complex::operator+(const Complex &other) const
Possible candidates:
  'Complex Complex::operator+(const Complex &other)' at line 75 of file C:/tp7/complex/mycomplex.h
  'Complex Complex::operator+(const double &value)' at line 89 of file C:/tp7/complex/mycomplex.h
  'friend Complex Complex::operator+(const double &value, const Complex &c)' at line 98 of file C:/tp7/complex/mycomplex.h
C:/tp7/complex/mycomplex.cpp:334: warning: no matching class member found for 
  Complex Complex::operator-(const Complex &other) const
Possible candidates:
  'Complex Complex::operator-(const Complex &other)' at line 82 of file C:/tp7/complex/mycomplex.h
  'Complex Complex::operator-(const double &value)' at line 105 of file C:/tp7/complex/mycomplex.h
  'friend Complex Complex::operator-(const double &value, const Complex &c)' at line 113 of file C:/tp7/complex/mycomplex.h
C:/tp7/complex/mycomplex.cpp:343: warning: no matching class member found for 
  Complex Complex::operator+(double value) const
Possible candidates:
  'Complex Complex::operator+(const Complex &other)' at line 75 of file C:/tp7/complex/mycomplex.h
  'Complex Complex::operator+(const double &value)' at line 89 of file C:/tp7/complex/mycomplex.h
  'friend Complex Complex::operator+(const double &value, const Complex &c)' at line 98 of file C:/tp7/complex/mycomplex.h
C:/tp7/complex/mycomplex.cpp:352: warning: no matching class member found for 
  Complex Complex::operator-(double value) const
Possible candidates:
  'Complex Complex::operator-(const Complex &other)' at line 82 of file C:/tp7/complex/mycomplex.h
  'Complex Complex::operator-(const double &value)' at line 105 of file C:/tp7/complex/mycomplex.h
  'friend Complex Complex::operator-(const double &value, const Complex &c)' at line 113 of file C:/tp7/complex/mycomplex.h
C:/tp7/complex/mycomplex.cpp:361: warning: no matching class member found for 
  Complex Complex::operator*(const Complex &other) const
Possible candidates:
  'Complex Complex::operator*(const Complex &other)' at line 120 of file C:/tp7/complex/mycomplex.h
  'Complex Complex::operator*(const double &value)' at line 127 of file C:/tp7/complex/mycomplex.h
  'friend Complex Complex::operator*(const double &value, const Complex &c)' at line 135 of file C:/tp7/complex/mycomplex.h
C:/tp7/complex/mycomplex.cpp:370: warning: no matching class member found for 
  Complex Complex::operator*(double value) const
Possible candidates:
  'Complex Complex::operator*(const Complex &other)' at line 120 of file C:/tp7/complex/mycomplex.h
  'Complex Complex::operator*(const double &value)' at line 127 of file C:/tp7/complex/mycomplex.h
  'friend Complex Complex::operator*(const double &value, const Complex &c)' at line 135 of file C:/tp7/complex/mycomplex.h
C:/tp7/complex/mycomplex.cpp:422: warning: no matching class member found for 
  Complex & Complex::operator+=(double value)
Possible candidates:
  'Complex & Complex::operator+=(const Complex &other)' at line 149 of file C:/tp7/complex/mycomplex.h
  'Complex & Complex::operator+=(const double &value)' at line 170 of file C:/tp7/complex/mycomplex.h
C:/tp7/complex/mycomplex.cpp:432: warning: no matching class member found for 
  Complex & Complex::operator-=(double value)
Possible candidates:
  'Complex & Complex::operator-=(const Complex &other)' at line 156 of file C:/tp7/complex/mycomplex.h
  'Complex & Complex::operator-=(const double &value)' at line 177 of file C:/tp7/complex/mycomplex.h
C:/tp7/complex/mycomplex.cpp:442: warning: no matching class member found for 
  Complex & Complex::operator*=(double value)
Possible candidates:
  'Complex & Complex::operator*=(const Complex &other)' at line 163 of file C:/tp7/complex/mycomplex.h
  'Complex & Complex::operator*=(const double &value)' at line 184 of file C:/tp7/complex/mycomplex.h
C:/tp7/complex/mycomplex.cpp:475: warning: no matching class member found for 
  Complex & Complex::operator=(double value)
Possible candidates:
  'Complex & Complex::operator=(const Complex &other)' at line 198 of file C:/tp7/complex/mycomplex.h
  'Complex & Complex::operator=(const double &value)' at line 205 of file C:/tp7/complex/mycomplex.h
Creating members for template instances...
Building page list...
Search for main page...
Computing page relations...
Determining the scope of groups...
Computing module relations...
Sorting lists...
Determining which enums are documented
Computing member relations...
Building full member lists recursively...
Adding members to member groups.
Computing member references...
Inheriting documentation...
Generating disk names...
Adding source references...
Adding xrefitems...
Sorting member lists...
Setting anonymous enum type...
Computing dependencies between directories...
Generating citations page...
Counting members...
Counting data structures...
Resolving user defined references...
Finding anchors and sections in the documentation...
Transferring function references...
Combining using relations...
Adding members to index pages...
Correcting members for VHDL...
Computing tooltip texts...
Generating style sheet...
Generating search indices...
Generating example documentation...
Generating file sources...
Generating code for file complex/mycomplex.cpp...
Generating code for file complex/mycomplex.h...
Generating code for file complex/testcmp.cpp...
Generating file documentation...
Generating docs for file complex/mycomplex.cpp...
C:/tp7/complex/mycomplex.cpp:528: warning: argument 'lhs' from the argument list of operator* has multiple @param documentation sections
C:/tp7/complex/mycomplex.cpp:528: warning: argument 'rhs' from the argument list of operator* has multiple @param documentation sections
C:/tp7/complex/mycomplex.cpp:508: warning: argument 'lhs' from the argument list of operator+ has multiple @param documentation sections
C:/tp7/complex/mycomplex.cpp:508: warning: argument 'rhs' from the argument list of operator+ has multiple @param documentation sections
C:/tp7/complex/mycomplex.cpp:518: warning: argument 'lhs' from the argument list of operator- has multiple @param documentation sections
C:/tp7/complex/mycomplex.cpp:518: warning: argument 'rhs' from the argument list of operator- has multiple @param documentation sections
Generating docs for file complex/mycomplex.h...
Generating docs for file complex/testcmp.cpp...
Generating page documentation...
Generating group documentation...
Generating class documentation...
Generating docs for compound Complex...
C:/tp7/complex/mycomplex.cpp:8: warning: argument 'aRe' of command @param is not found in the argument list of Complex::Complex(double real=0, double imag=0)
C:/tp7/complex/mycomplex.cpp:8: warning: argument 'Мнимая' of command @param is not found in the argument list of Complex::Complex(double real=0, double imag=0)
Generating caller graph for function Complex::Complex
C:/tp7/complex/mycomplex.cpp:15: warning: argument 'other' from the argument list of Complex::Complex has multiple @param documentation sections
C:/tp7/complex/mycomplex.cpp:138: warning: argument 'a' of command @param is not found in the argument list of Complex::operator*=(const Complex &other)
C:/tp7/complex/mycomplex.h:181: warning: argument 'a' of command @param is not found in the argument list of Complex::operator*=(const double &value)
C:/tp7/complex/mycomplex.h:181: warning: The following parameter of Complex::operator*=(const double &value) is not documented:
  parameter 'value'
C:/tp7/complex/mycomplex.h:86: warning: argument 'a' of command @param is not found in the argument list of Complex::operator+(const double &value)
C:/tp7/complex/mycomplex.h:86: warning: The following parameter of Complex::operator+(const double &value) is not documented:
  parameter 'value'
C:/tp7/complex/mycomplex.cpp:116: warning: argument 'a' of command @param is not found in the argument list of Complex::operator+=(const Complex &other)
C:/tp7/complex/mycomplex.h:167: warning: argument 'a' of command @param is not found in the argument list of Complex::operator+=(const double &value)
C:/tp7/complex/mycomplex.h:167: warning: The following parameter of Complex::operator+=(const double &value) is not documented:
  parameter 'value'
C:/tp7/complex/mycomplex.cpp:127: warning: argument 'a' of command @param is not found in the argument list of Complex::operator-=(const Complex &other)
C:/tp7/complex/mycomplex.h:174: warning: argument 'a' of command @param is not found in the argument list of Complex::operator-=(const double &value)
C:/tp7/complex/mycomplex.h:174: warning: The following parameter of Complex::operator-=(const double &value) is not documented:
  parameter 'value'
C:/tp7/complex/mycomplex.cpp:107: warning: argument 'value' from the argument list of Complex::operator/ has multiple @param documentation sections
Generating call graph for function Complex::operator/
C:/tp7/complex/mycomplex.cpp:181: warning: argument 'a' of command @param is not found in the argument list of Complex::operator/=(const double &value)
C:/tp7/complex/mycomplex.cpp:192: warning: argument 'a' of command @param is not found in the argument list of Complex::operator=(const Complex &other)
C:/tp7/complex/mycomplex.h:202: warning: argument 'a' of command @param is not found in the argument list of Complex::operator=(const double &value)
C:/tp7/complex/mycomplex.h:202: warning: The following parameter of Complex::operator=(const double &value) is not documented:
  parameter 'value'
C:/tp7/complex/mycomplex.cpp:27: warning: argument 'aRe' of command @param is not found in the argument list of Complex::Set(double real, double imag=0)
C:/tp7/complex/mycomplex.cpp:27: warning: argument 'aIm' of command @param is not found in the argument list of Complex::Set(double real, double imag=0)
C:/tp7/complex/mycomplex.cpp:215: warning: argument 'stream' of command @param is not found in the argument list of Complex::operator>>(istream &input, Complex &c)
C:/tp7/complex/mycomplex.cpp:215: warning: argument 'complex' of command @param is not found in the argument list of Complex::operator>>(istream &input, Complex &c)
Generating concept documentation...
Generating module documentation...
Generating namespace documentation...
Generating graph info page...
Generating directory documentation...
Generating index page...
Generating page index...
Generating topic index...
Generating module index...
Generating module member index...
Generating namespace index...
Generating namespace member index...
Generating concept index...
Generating annotated compound index...
Generating alphabetical compound index...
Generating hierarchical class index...
Generating graphical class hierarchy...
Generating member index...
Generating file index...
Generating file member index...
Generating example index...
finalizing index lists...
writing tag file...
Running plantuml with JAVA...
Running dot...
Generating dot graphs using 5 parallel threads...
C:/tp7/html/mycomplex_8cpp__incl.dot:1: error: Problems running dot: exit code=-1, command='dot.exe', arguments='"C:/tp7/html/mycomplex_8cpp__incl.dot" -Tpng -o "C:/tp7/html/mycomplex_8cpp__incl.png"'
C:/tp7/html/mycomplex_8h__dep__incl.dot:1: error: Problems running dot: exit code=-1, command='dot.exe', arguments='"C:/tp7/html/mycomplex_8h__dep__incl.dot" -Tpng -o "C:/tp7/html/mycomplex_8h__dep__incl.png"'
C:/tp7/html/class_complex_a7bf9edc279e3a3fda953bf2112f3d1bb_icgraph.dot:1: error: Problems running dot: exit code=-1, command='dot.exe', arguments='"C:/tp7/html/class_complex_a7bf9edc279e3a3fda953bf2112f3d1bb_icgraph.dot" -Tpng -o "C:/tp7/html/class_complex_a7bf9edc279e3a3fda953bf2112f3d1bb_icgraph.png"'
C:/tp7/html/class_complex_a3202ad9055b830be162bd53fe4bdc1c9_cgraph.dot:1: error: Problems running dot: exit code=-1, command='dot.exe', arguments='"C:/tp7/html/class_complex_a3202ad9055b830be162bd53fe4bdc1c9_cgraph.dot" -Tpng -o "C:/tp7/html/class_complex_a3202ad9055b830be162bd53fe4bdc1c9_cgraph.png"'
Running dot for graph 1/13
Running dot for graph 2/13
C:/tp7/html/graph_legend.dot:1: error: Problems running dot: exit code=-1, command='dot.exe', arguments='"C:/tp7/html/graph_legend.dot" -Tpng -o "C:/tp7/html/graph_legend.png"'
Running dot for graph 3/13
Running dot for graph 4/13
Running dot for graph 5/13
C:/tp7/html/mycomplex_8h__incl.dot:1: error: Problems running dot: exit code=-1, command='dot.exe', arguments='"C:/tp7/html/mycomplex_8h__incl.dot" -Tpng -o "C:/tp7/html/mycomplex_8h__incl.png"'
Running dot for graph 6/13
C:/tp7/html/testcmp_8cpp__incl.dot:1: error: Problems running dot: exit code=-1, command='dot.exe', arguments='"C:/tp7/html/testcmp_8cpp__incl.dot" -Tpng -o "C:/tp7/html/testcmp_8cpp__incl.png"'
Running dot for graph 7/13
C:/tp7/latex/class_complex_a3202ad9055b830be162bd53fe4bdc1c9_cgraph.dot:1: error: Problems running dot: exit code=-1, command='dot.exe', arguments='"C:/tp7/latex/class_complex_a3202ad9055b830be162bd53fe4bdc1c9_cgraph.dot" -Tpdf -o "C:/tp7/latex/class_complex_a3202ad9055b830be162bd53fe4bdc1c9_cgraph.pdf"'
Running dot for graph 8/13
C:/tp7/latex/class_complex_a7bf9edc279e3a3fda953bf2112f3d1bb_icgraph.dot:1: error: Problems running dot: exit code=-1, command='dot.exe', arguments='"C:/tp7/latex/class_complex_a7bf9edc279e3a3fda953bf2112f3d1bb_icgraph.dot" -Tpdf -o "C:/tp7/latex/class_complex_a7bf9edc279e3a3fda953bf2112f3d1bb_icgraph.pdf"'
Running dot for graph 9/13
C:/tp7/latex/mycomplex_8cpp__incl.dot:1: error: Problems running dot: exit code=-1, command='dot.exe', arguments='"C:/tp7/latex/mycomplex_8cpp__incl.dot" -Tpdf -o "C:/tp7/latex/mycomplex_8cpp__incl.pdf"'
Running dot for graph 10/13
C:/tp7/latex/mycomplex_8h__incl.dot:1: error: Problems running dot: exit code=-1, command='dot.exe', arguments='"C:/tp7/latex/mycomplex_8h__incl.dot" -Tpdf -o "C:/tp7/latex/mycomplex_8h__incl.pdf"'
C:/tp7/latex/mycomplex_8h__dep__incl.dot:1: error: Problems running dot: exit code=-1, command='dot.exe', arguments='"C:/tp7/latex/mycomplex_8h__dep__incl.dot" -Tpdf -o "C:/tp7/latex/mycomplex_8h__dep__incl.pdf"'
Running dot for graph 11/13
Running dot for graph 12/13
C:/tp7/latex/testcmp_8cpp__incl.dot:1: error: Problems running dot: exit code=-1, command='dot.exe', arguments='"C:/tp7/latex/testcmp_8cpp__incl.dot" -Tpdf -o "C:/tp7/latex/testcmp_8cpp__incl.pdf"'
Running dot for graph 13/13
Patching output file 1/8
error: problems opening map file C:/tp7/html/class_complex_a7bf9edc279e3a3fda953bf2112f3d1bb_icgraph.map for inclusion in the docs!
If you installed Graphviz/dot after a previous failing run, 
try deleting the output directory and rerun doxygen.
error: problems opening map file C:/tp7/html/class_complex_a3202ad9055b830be162bd53fe4bdc1c9_cgraph.map for inclusion in the docs!
If you installed Graphviz/dot after a previous failing run, 
try deleting the output directory and rerun doxygen.
Patching output file 2/8
error: problems opening map file C:/tp7/html/mycomplex_8cpp__incl.map for inclusion in the docs!
If you installed Graphviz/dot after a previous failing run, 
try deleting the output directory and rerun doxygen.
Patching output file 3/8
error: problems opening map file C:/tp7/html/mycomplex_8h__incl.map for inclusion in the docs!
If you installed Graphviz/dot after a previous failing run, 
try deleting the output directory and rerun doxygen.
error: problems opening map file C:/tp7/html/mycomplex_8h__dep__incl.map for inclusion in the docs!
If you installed Graphviz/dot after a previous failing run, 
try deleting the output directory and rerun doxygen.
Patching output file 4/8
error: problems opening map file C:/tp7/html/testcmp_8cpp__incl.map for inclusion in the docs!
If you installed Graphviz/dot after a previous failing run, 
try deleting the output directory and rerun doxygen.
Patching output file 5/8
error: Failed to open file C:/tp7/latex/class_complex_a7bf9edc279e3a3fda953bf2112f3d1bb_icgraph.pdf for extracting bounding box
error: problem writing FIG 0 figure!
type lookup cache used 21/65536 hits=612 misses=23
symbol lookup cache used 48/65536 hits=510 misses=48
finished...

*** Doxygen has finished